<?xml version="1.0" encoding="UTF-8"?>
<!-- Generated by org.testng.reporters.JUnitReportReporter -->
<testsuite hostname="Nikhil" failures="0" tests="1" name="dme.mmm" time="4.046" errors="0" timestamp="2024-08-30T19:34:57 IST" skipped="0">
  <testcase classname="dme.mmm" name="f" time="4.046"/>
  <system-out/>
</testsuite> <!-- dme.mmm -->
